<?xml version="1.0" encoding="utf-8"?><testsuites><testsuite name="pytest" errors="0" failures="0" skipped="0" tests="9" time="0.834" timestamp="2025-10-24T16:42:06.366042-03:00" hostname="BOOK-HCOSVE83RC"><testcase classname="backend.tests.test_api_health" name="test_touch" time="0.150" /><testcase classname="backend.tests.test_bulk_create" name="test_bulk_create" time="0.013" /><testcase classname="backend.tests.test_filters_and_pagination" name="test_filters_and_pagination" time="0.024" /><testcase classname="backend.tests.test_status_and_versioning" name="test_status_transitions_and_version_conflict" time="0.020" /><testcase classname="backend.tests.test_status_and_versioning" name="test_toggle_and_uniqueness" time="0.019" /><testcase classname="backend.tests.test_todos_crud" name="test_create_get_list_update_delete" time="0.022" /><testcase classname="backend.tests.test_validations" name="test_title_blank_returns_400" time="0.012" /><testcase classname="backend.tests.test_validations" name="test_due_date_in_past_rejected" time="0.010" /><testcase classname="backend.tests.test_validations" name="test_high_priority_requires_due_date" time="0.012" /></testsuite></testsuites>